<?xml version="1.0" encoding="UTF-8"?>
<testng-results ignored="0" total="3" passed="3" failed="0" skipped="0">
  <reporter-output>
    <line>
      <![CDATA[Step1: Launch the Browser Success]]>
    </line>
    <line>
      <![CDATA[Step 1.1: Maximized the Brower Success]]>
    </line>
    <line>
      <![CDATA[Step2 :Navigation to the Application via URL Success]]>
    </line>
    <line>
      <![CDATA[Step10: Close the Browser Success]]>
    </line>
  </reporter-output>
  <suite started-at="2024-11-06T10:15:09 IST" name="Functionality" finished-at="2024-11-06T10:15:25 IST" duration-ms="15982">
    <groups>
    </groups>
    <test started-at="2024-11-06T10:15:09 IST" name="ChromeTest" finished-at="2024-11-06T10:15:25 IST" duration-ms="15982">
      <class name="com.Epsomdoms.WelcomTest.VerifyWelcomePageTest">
        <test-method is-config="true" signature="suiteSetup()[pri:0, instance:com.Epsomdoms.WelcomTest.VerifyWelcomePageTest@5f049ea1]" started-at="2024-11-06T10:15:09 IST" name="suiteSetup" finished-at="2024-11-06T10:15:09 IST" duration-ms="261" status="PASS">
          <reporter-output>
          </reporter-output>
        </test-method> <!-- suiteSetup -->
        <test-method is-config="true" signature="browserSetup(java.lang.String,java.lang.String)[pri:0, instance:com.Epsomdoms.WelcomTest.VerifyWelcomePageTest@5f049ea1]" started-at="2024-11-06T10:15:09 IST" name="browserSetup" finished-at="2024-11-06T10:15:13 IST" duration-ms="3201" status="PASS">
          <params>
            <param index="0">
              <value>
                <![CDATA[chrome]]>
              </value>
            </param>
            <param index="1">
              <value>
                <![CDATA[file:///C:/EcllipseM9/Epsomdoms/src/main/resources/Softwares/webpage.html]]>
              </value>
            </param>
          </params>
          <reporter-output>
            <line>
              <![CDATA[Step1: Launch the Browser Success]]>
            </line>
            <line>
              <![CDATA[Step 1.1: Maximized the Brower Success]]>
            </line>
            <line>
              <![CDATA[Step2 :Navigation to the Application via URL Success]]>
            </line>
          </reporter-output>
        </test-method> <!-- browserSetup -->
        <test-method signature="verifyWelcomePageWithValidInput()[pri:1, instance:com.Epsomdoms.WelcomTest.VerifyWelcomePageTest@5f049ea1]" started-at="2024-11-06T10:15:13 IST" name="verifyWelcomePageWithValidInput" finished-at="2024-11-06T10:15:17 IST" duration-ms="4504" status="PASS">
          <reporter-output>
          </reporter-output>
        </test-method> <!-- verifyWelcomePageWithValidInput -->
        <test-method signature="verifyWelcomePageWithInValidInput()[pri:2, instance:com.Epsomdoms.WelcomTest.VerifyWelcomePageTest@5f049ea1]" started-at="2024-11-06T10:15:17 IST" name="verifyWelcomePageWithInValidInput" finished-at="2024-11-06T10:15:21 IST" depends-on-methods="com.Epsomdoms.WelcomTest.VerifyWelcomePageTest.verifyWelcomePageWithValidInput" duration-ms="4115" status="PASS">
          <reporter-output>
          </reporter-output>
        </test-method> <!-- verifyWelcomePageWithInValidInput -->
        <test-method signature="verifyWelcomePageWithInValidInput()[pri:2, instance:com.Epsomdoms.WelcomTest.VerifyWelcomePageTest@5f049ea1]" started-at="2024-11-06T10:15:21 IST" name="verifyWelcomePageWithInValidInput" finished-at="2024-11-06T10:15:25 IST" depends-on-methods="com.Epsomdoms.WelcomTest.VerifyWelcomePageTest.verifyWelcomePageWithValidInput" duration-ms="3968" status="PASS">
          <reporter-output>
          </reporter-output>
        </test-method> <!-- verifyWelcomePageWithInValidInput -->
        <test-method is-config="true" signature="terminateBrowser()[pri:0, instance:com.Epsomdoms.WelcomTest.VerifyWelcomePageTest@5f049ea1]" started-at="2024-11-06T10:15:25 IST" name="terminateBrowser" finished-at="2024-11-06T10:15:25 IST" duration-ms="156" status="PASS">
          <reporter-output>
            <line>
              <![CDATA[Step10: Close the Browser Success]]>
            </line>
          </reporter-output>
        </test-method> <!-- terminateBrowser -->
        <test-method is-config="true" signature="suiteTerminateSetup()[pri:0, instance:com.Epsomdoms.WelcomTest.VerifyWelcomePageTest@5f049ea1]" started-at="2024-11-06T10:15:25 IST" name="suiteTerminateSetup" finished-at="2024-11-06T10:15:26 IST" duration-ms="266" status="PASS">
          <reporter-output>
          </reporter-output>
        </test-method> <!-- suiteTerminateSetup -->
      </class> <!-- com.Epsomdoms.WelcomTest.VerifyWelcomePageTest -->
    </test> <!-- ChromeTest -->
  </suite> <!-- Functionality -->
</testng-results>
