<?xml version="1.0" encoding="UTF-8"?>
<!-- Generated by org.testng.reporters.JUnitXMLReporter -->
<testsuite ignored="0" hostname="DESKTOP-U33VJRC" failures="0" tests="3" name="ChromeTest" time="15.982" errors="0" timestamp="2024-11-06T10:15:25 IST">
  <testcase classname="com.Epsomdoms.WelcomTest.VerifyWelcomePageTest" name="verifyWelcomePageWithValidInput" time="4.504"/>
  <testcase classname="com.Epsomdoms.WelcomTest.VerifyWelcomePageTest" name="verifyWelcomePageWithInValidInput" time="4.115"/>
  <testcase classname="com.Epsomdoms.WelcomTest.VerifyWelcomePageTest" name="verifyWelcomePageWithInValidInput" time="3.968"/>
</testsuite> <!-- ChromeTest -->
