<?xml version="1.0" encoding="UTF-8"?>
<!-- Generated by org.testng.reporters.JUnitXMLReporter -->
<testsuite ignored="0" hostname="DESKTOP-U33VJRC" failures="0" tests="12" name="ChromeTest" time="0.109" errors="0" timestamp="2024-10-28T15:33:06 IST">
  <testcase classname="com.Epsomdoms.ProductTest.WomensProductTest" name="addProduct" time="0.013"/>
  <testcase classname="com.Epsomdoms.ProductTest.WomensProductTest" name="removeProduct" time="0.001"/>
  <testcase classname="com.Epsomdoms.ProductTest.WomensProductTest" name="updateProduct" time="0.002"/>
  <testcase classname="com.Epsomdoms.ProductTest.KidsProductTest" name="addProduct" time="0.002"/>
  <testcase classname="com.Epsomdoms.ProductTest.KidsProductTest" name="removeProduct" time="0.002"/>
  <testcase classname="com.Epsomdoms.ProductTest.KidsProductTest" name="updateProduct" time="0.001"/>
  <testcase classname="com.Epsomdoms.ProductTest.MensProductTest" name="addProduct" time="0.001"/>
  <testcase classname="com.Epsomdoms.ProductTest.MensProductTest" name="removeProduct" time="0.001"/>
  <testcase classname="com.Epsomdoms.ProductTest.MensProductTest" name="updateProduct" time="0.001"/>
  <testcase classname="com.Epsomdoms.ProductTest.ElectronicProductTest" name="addProduct" time="0.002"/>
  <testcase classname="com.Epsomdoms.ProductTest.ElectronicProductTest" name="removeProduct" time="0.003"/>
  <testcase classname="com.Epsomdoms.ProductTest.ElectronicProductTest" name="updateProduct" time="0.001"/>
</testsuite> <!-- ChromeTest -->
