<?xml version="1.0" encoding="UTF-8"?>
<!-- Generated by org.testng.reporters.JUnitXMLReporter -->
<testsuite ignored="0" hostname="DESKTOP-U33VJRC" failures="0" tests="3" name="ChromeTest" time="14.646" errors="0" timestamp="2024-11-06T10:07:21 IST">
  <testcase classname="com.Epsomdoms.WelcomTest.VerifyWelcomePageTest" name="verifyWelcomePageWithValidInput" time="4.333"/>
  <testcase classname="com.Epsomdoms.WelcomTest.VerifyWelcomePageTest" name="verifyWelcomePageWithInValidInput" time="3.928"/>
  <testcase classname="com.Epsomdoms.WelcomTest.VerifyWelcomePageTest" name="verifyWelcomePageWithInValidInput" time="3.977"/>
</testsuite> <!-- ChromeTest -->
